Build started 11/2/2014 3:34:16 PM.
     1>Project "C:\PROJECTS\FreezeFrame\FreezeFrame\FreezeFrame\FreezeFrame.vcxproj" on node 2 (Build target(s)).
     1>ClCompile:
         C:\Program Files (x86)\Microsoft Visual Studio 11.0\VC\bin\CL.exe /c /I"C:\Program Files (x86)\Microsoft DirectX SDK (June 2010)\\Include" /ZI /nologo /W3 /WX- /Od /Oy- /D _MBCS /Gm /EHsc /RTC1 /MDd /GS /fp:precise /Zc:wchar_t /Zc:forScope /Fo"Debug\\" /Fd"Debug\vc110.pdb" /Gd /TP /analyze- /errorReport:prompt Actor.cpp Bullet.cpp Cursor.cpp Guard.cpp Particle.cpp Player.cpp Utility.cpp audio.cpp constants.cpp freezeframe.cpp game.cpp graphics.cpp image.cpp input.cpp textDX.cpp textureManager.cpp winmain.cpp
         freezeframe.cpp
     1>c:\projects\freezeframe\freezeframe\freezeframe\cursor.h(7): warning C4244: 'initializing' : conversion from 'const double' to 'const float', possible loss of data
     1>c:\projects\freezeframe\freezeframe\freezeframe\bullet.h(9): warning C4305: 'initializing' : truncation from 'double' to 'const float'
     1>c:\projects\freezeframe\freezeframe\freezeframe\freezeframe.h(116): warning C4244: 'argument' : conversion from 'int' to 'FLOAT', possible loss of data
     1>c:\projects\freezeframe\freezeframe\freezeframe\freezeframe.cpp(15): warning C4244: 'argument' : conversion from 'time_t' to 'unsigned int', possible loss of data
     1>c:\projects\freezeframe\freezeframe\freezeframe\freezeframe.cpp(20): warning C4244: 'argument' : conversion from 'const UINT' to 'FLOAT', possible loss of data
     1>c:\projects\freezeframe\freezeframe\freezeframe\freezeframe.cpp(174): warning C4244: 'argument' : conversion from 'const UINT' to 'float', possible loss of data
     1>c:\projects\freezeframe\freezeframe\freezeframe\freezeframe.cpp(343): warning C4244: 'argument' : conversion from 'int' to 'float', possible loss of data
     1>c:\projects\freezeframe\freezeframe\freezeframe\freezeframe.cpp(346): warning C4244: 'argument' : conversion from 'int' to 'float', possible loss of data
     1>c:\projects\freezeframe\freezeframe\freezeframe\freezeframe.cpp(356): warning C4244: 'argument' : conversion from 'const UINT' to 'float', possible loss of data
         Guard.cpp
     1>c:\projects\freezeframe\freezeframe\freezeframe\cursor.h(7): warning C4244: 'initializing' : conversion from 'const double' to 'const float', possible loss of data
     1>c:\projects\freezeframe\freezeframe\freezeframe\bullet.h(9): warning C4305: 'initializing' : truncation from 'double' to 'const float'
     1>c:\projects\freezeframe\freezeframe\freezeframe\freezeframe.h(116): warning C4244: 'argument' : conversion from 'int' to 'FLOAT', possible loss of data
         Generating Code...
         Compiling...
         winmain.cpp
     1>c:\projects\freezeframe\freezeframe\freezeframe\cursor.h(7): warning C4244: 'initializing' : conversion from 'const double' to 'const float', possible loss of data
     1>c:\projects\freezeframe\freezeframe\freezeframe\bullet.h(9): warning C4305: 'initializing' : truncation from 'double' to 'const float'
     1>c:\projects\freezeframe\freezeframe\freezeframe\freezeframe.h(116): warning C4244: 'argument' : conversion from 'int' to 'FLOAT', possible loss of data
         textureManager.cpp
         textDX.cpp
         input.cpp
         image.cpp
         graphics.cpp
         game.cpp
         constants.cpp
         audio.cpp
         Utility.cpp
     1>c:\projects\freezeframe\freezeframe\freezeframe\utility.cpp(10): warning C4244: 'return' : conversion from 'double' to 'float', possible loss of data
         Player.cpp
     1>c:\projects\freezeframe\freezeframe\freezeframe\cursor.h(7): warning C4244: 'initializing' : conversion from 'const double' to 'const float', possible loss of data
     1>c:\projects\freezeframe\freezeframe\freezeframe\bullet.h(9): warning C4305: 'initializing' : truncation from 'double' to 'const float'
     1>c:\projects\freezeframe\freezeframe\freezeframe\freezeframe.h(116): warning C4244: 'argument' : conversion from 'int' to 'FLOAT', possible loss of data
     1>c:\projects\freezeframe\freezeframe\freezeframe\player.cpp(45): warning C4305: '*=' : truncation from 'double' to 'float'
         Particle.cpp
         Cursor.cpp
     1>c:\projects\freezeframe\freezeframe\freezeframe\cursor.h(7): warning C4244: 'initializing' : conversion from 'const double' to 'const float', possible loss of data
     1>c:\projects\freezeframe\freezeframe\freezeframe\bullet.h(9): warning C4305: 'initializing' : truncation from 'double' to 'const float'
     1>c:\projects\freezeframe\freezeframe\freezeframe\freezeframe.h(116): warning C4244: 'argument' : conversion from 'int' to 'FLOAT', possible loss of data
         Bullet.cpp
     1>c:\projects\freezeframe\freezeframe\freezeframe\bullet.h(9): warning C4305: 'initializing' : truncation from 'double' to 'const float'
     1>c:\projects\freezeframe\freezeframe\freezeframe\cursor.h(7): warning C4244: 'initializing' : conversion from 'const double' to 'const float', possible loss of data
     1>c:\projects\freezeframe\freezeframe\freezeframe\freezeframe.h(116): warning C4244: 'argument' : conversion from 'int' to 'FLOAT', possible loss of data
         Actor.cpp
         Generating Code...
       Link:
         C:\Program Files (x86)\Microsoft Visual Studio 11.0\VC\bin\link.exe /ERRORREPORT:PROMPT /OUT:"C:\PROJECTS\FreezeFrame\FreezeFrame\FreezeFrame\Debug\FreezeFrame.exe" /NOLOGO /LIBPATH:"C:\Program Files (x86)\Microsoft DirectX SDK (June 2010)\\Lib\x86" d3d9.lib d3dx9.lib winmm.lib xinput.lib winmm.lib kernel32.lib user32.lib gdi32.lib winspool.lib comdlg32.lib advapi32.lib shell32.lib ole32.lib oleaut32.lib uuid.lib odbc32.lib odbccp32.lib /MANIFEST /MANIFESTUAC:"level='asInvoker' uiAccess='false'" /manifest:embed /DEBUG /PDB:"C:\PROJECTS\FreezeFrame\FreezeFrame\FreezeFrame\Debug\FreezeFrame.pdb" /TLBID:1 /DYNAMICBASE /NXCOMPAT /IMPLIB:"C:\PROJECTS\FreezeFrame\FreezeFrame\FreezeFrame\Debug\FreezeFrame.lib" /MACHINE:X86 /SAFESEH Debug\Actor.obj
         Debug\audio.obj
         Debug\Bullet.obj
         Debug\constants.obj
         Debug\Cursor.obj
         Debug\game.obj
         Debug\graphics.obj
         Debug\Guard.obj
         Debug\image.obj
         Debug\input.obj
         Debug\freezeframe.obj
         Debug\Particle.obj
         Debug\Player.obj
         Debug\textDX.obj
         Debug\textureManager.obj
         Debug\Utility.obj
         Debug\winmain.obj
     1>Actor.obj : warning LNK4075: ignoring '/EDITANDCONTINUE' due to '/SAFESEH' specification
         FreezeFrame.vcxproj -> C:\PROJECTS\FreezeFrame\FreezeFrame\FreezeFrame\Debug\FreezeFrame.exe
     1>Done Building Project "C:\PROJECTS\FreezeFrame\FreezeFrame\FreezeFrame\FreezeFrame.vcxproj" (Build target(s)).

Build succeeded.

Time Elapsed 00:00:16.83
